{"name":"fill_in_a_invalid_student","id":"abc.features.search.AddStudentSerenity:fill_in_a_invalid_student","testCaseName":"abc.features.search.AddStudentSerenity","testSteps":[{"number":1,"description":"Fill student: -123, A, 0, sf, sdf","duration":6808,"startTime":"2019-05-19T14:30:38.592+03:00[Europe/Athens]","screenshots":[{"screenshot":"8f4bb5cf36773e49c8b372d1a326504d8b14d3967a76ab3918db1c07ae4410e1.png"},{"screenshot":"8f4bb5cf36773e49c8b372d1a326504d8b14d3967a76ab3918db1c07ae4410e1.png","htmlSource":"pagesource8147354275965756942.html.txt"}],"exception":{"errorType":"net.thucydides.core.webdriver.exceptions.ElementShouldBeEnabledException","message":"The following error occurred: Expected enabled element was not enabled","stackTrace":[{"declaringClass":"abc.pages.StudentPage","methodName":"setIdStudent","fileName":"StudentPage.java","lineNumber":36},{"declaringClass":"abc.steps.serenity.AddStudentSteps","methodName":"fillStudent","fileName":"AddStudentSteps.java","lineNumber":17},{"declaringClass":"abc.features.search.AddStudentSerenity","methodName":"fill_in_a_invalid_student","fileName":"AddStudentSerenity.java","lineNumber":37}],"rootCause":{"errorType":"org.openqa.selenium.TimeoutException","message":"Expected condition failed: waiting for StudentPage.idStudent to be enabled (tried for 5 second(s) with 100 MILLISECONDS interval)","stackTrace":[{"declaringClass":"abc.pages.StudentPage","methodName":"setIdStudent","fileName":"StudentPage.java","lineNumber":36},{"declaringClass":"abc.steps.serenity.AddStudentSteps","methodName":"fillStudent","fileName":"AddStudentSteps.java","lineNumber":17},{"declaringClass":"abc.features.search.AddStudentSerenity","methodName":"fill_in_a_invalid_student","fileName":"AddStudentSerenity.java","lineNumber":37}],"rootCause":{"errorType":"org.openqa.selenium.NoSuchElementException","message":"Timed out after 2 seconds. Element not found\nFor documentation on this error, please visit: http://seleniumhq.org/exceptions/no_such_element.html\nBuild info: version: \u00273.7.1\u0027, revision: \u00278a0099a\u0027, time: \u00272017-11-06T21:01:39.354Z\u0027\nSystem info: host: \u0027DESKTOP-3DU7K2P\u0027, ip: \u0027192.168.17.1\u0027, os.name: \u0027Windows 10\u0027, os.arch: \u0027amd64\u0027, os.version: \u002710.0\u0027, java.version: \u00271.8.0_144\u0027\nDriver info: driver.version: unknown","stackTrace":[{"declaringClass":"abc.pages.StudentPage","methodName":"setIdStudent","fileName":"StudentPage.java","lineNumber":36},{"declaringClass":"abc.steps.serenity.AddStudentSteps","methodName":"fillStudent","fileName":"AddStudentSteps.java","lineNumber":17},{"declaringClass":"abc.features.search.AddStudentSerenity","methodName":"fill_in_a_invalid_student","fileName":"AddStudentSerenity.java","lineNumber":37}]}}},"result":"FAILURE","precondition":false},{"number":2,"description":"Submit","duration":0,"startTime":"2019-05-19T14:30:45.401+03:00[Europe/Athens]","result":"SKIPPED","precondition":false},{"number":3,"description":"Should see definition: Submitted","duration":1,"startTime":"2019-05-19T14:30:45.402+03:00[Europe/Athens]","result":"SKIPPED","precondition":false}],"userStory":{"id":"abc.features.search.AddStudentSerenity","storyName":"Add student serenity","storyClassName":"abc.features.search.AddStudentSerenity","path":"search","type":"story"},"featureTag":{"name":"Add student serenity","type":"story"},"title":"Fill in a invalid student","tags":[{"name":"Search","type":"feature"},{"name":"Search/Add student serenity","type":"story"}],"startTime":"2019-05-19T14:30:38.308+03:00[Europe/Athens]","duration":7099,"testFailureCause":{"errorType":"net.thucydides.core.webdriver.exceptions.ElementShouldBeEnabledException","message":"The following error occurred: The following error occurred: Expected enabled element was not enabled\nBuild info: version: \u00273.7.1\u0027, revision: \u00278a0099a\u0027, time: \u00272017-11-06T21:01:39.354Z\u0027\nSystem info: host: \u0027DESKTOP-3DU7K2P\u0027, ip: \u0027192.168.17.1\u0027, os.name: \u0027Windows 10\u0027, os.arch: \u0027amd64\u0027, os.version: \u002710.0\u0027, java.version: \u00271.8.0_144\u0027\nDriver info: driver.version: unknown","stackTrace":[{"declaringClass":"abc.pages.StudentPage","methodName":"setIdStudent","fileName":"StudentPage.java","lineNumber":36},{"declaringClass":"abc.steps.serenity.AddStudentSteps","methodName":"fillStudent","fileName":"AddStudentSteps.java","lineNumber":17},{"declaringClass":"abc.features.search.AddStudentSerenity","methodName":"fill_in_a_invalid_student","fileName":"AddStudentSerenity.java","lineNumber":37}]},"testFailureClassname":"net.thucydides.core.webdriver.exceptions.ElementShouldBeEnabledException","testFailureMessage":"The following error occurred: The following error occurred: Expected enabled element was not enabled\nBuild info: version: \u00273.7.1\u0027, revision: \u00278a0099a\u0027, time: \u00272017-11-06T21:01:39.354Z\u0027\nSystem info: host: \u0027DESKTOP-3DU7K2P\u0027, ip: \u0027192.168.17.1\u0027, os.name: \u0027Windows 10\u0027, os.arch: \u0027amd64\u0027, os.version: \u002710.0\u0027, java.version: \u00271.8.0_144\u0027\nDriver info: driver.version: unknown","testFailureSummary":"FAILURE;net.thucydides.core.webdriver.exceptions.ElementShouldBeEnabledException;The following error occurred: The following error occurred: Expected enabled element was not enabled\nBuild info: version: \u00273.7.1\u0027, revision: \u00278a0099a\u0027, time: \u00272017-11-06T21:01:39.354Z\u0027\nSystem info: host: \u0027DESKTOP-3DU7K2P\u0027, ip: \u0027192.168.17.1\u0027, os.name: \u0027Windows 10\u0027, os.arch: \u0027amd64\u0027, os.version: \u002710.0\u0027, java.version: \u00271.8.0_144\u0027\nDriver info: driver.version: unknown;StudentPage.java","projectKey":"","annotatedResult":"FAILURE","sessionId":"03c315d04e79c11e2fcf3d3b0c944203","driver":"chrome","manual":false,"testSource":"JUnit","result":"FAILURE"}