{"name":"fill_in_a_valid_student","id":"abc.features.search.AddStudent:fill_in_a_valid_student","testCaseName":"abc.features.search.AddStudent","testSteps":[{"number":1,"description":"Fill student: 1234, Ionel, 933, eme@.com, da","duration":6568,"startTime":"2019-05-19T16:09:34.582+03:00[Europe/Athens]","screenshots":[{"screenshot":"8f4bb5cf36773e49c8b372d1a326504d8b14d3967a76ab3918db1c07ae4410e1.png","htmlSource":"pagesource7113422134956568165.html.txt"}],"exception":{"errorType":"net.thucydides.core.webdriver.exceptions.ElementShouldBeEnabledException","message":"The following error occurred: Expected enabled element was not enabled","stackTrace":[{"declaringClass":"abc.pages.StudentPage","methodName":"setIdStudent","fileName":"StudentPage.java","lineNumber":36},{"declaringClass":"abc.steps.serenity.AddStudentSteps","methodName":"fillStudent","fileName":"AddStudentSteps.java","lineNumber":17},{"declaringClass":"abc.features.search.AddStudent","methodName":"fill_in_a_valid_student","fileName":"AddStudent.java","lineNumber":28}],"rootCause":{"errorType":"org.openqa.selenium.TimeoutException","message":"Expected condition failed: waiting for StudentPage.idStudent to be enabled (tried for 5 second(s) with 100 MILLISECONDS interval)","stackTrace":[{"declaringClass":"abc.pages.StudentPage","methodName":"setIdStudent","fileName":"StudentPage.java","lineNumber":36},{"declaringClass":"abc.steps.serenity.AddStudentSteps","methodName":"fillStudent","fileName":"AddStudentSteps.java","lineNumber":17},{"declaringClass":"abc.features.search.AddStudent","methodName":"fill_in_a_valid_student","fileName":"AddStudent.java","lineNumber":28}],"rootCause":{"errorType":"org.openqa.selenium.NoSuchElementException","message":"Timed out after 2 seconds. Element not found\nFor documentation on this error, please visit: http://seleniumhq.org/exceptions/no_such_element.html\nBuild info: version: \u00273.7.1\u0027, revision: \u00278a0099a\u0027, time: \u00272017-11-06T21:01:39.354Z\u0027\nSystem info: host: \u0027DESKTOP-3DU7K2P\u0027, ip: \u0027192.168.17.1\u0027, os.name: \u0027Windows 10\u0027, os.arch: \u0027amd64\u0027, os.version: \u002710.0\u0027, java.version: \u00271.8.0_144\u0027\nDriver info: driver.version: unknown","stackTrace":[{"declaringClass":"abc.pages.StudentPage","methodName":"setIdStudent","fileName":"StudentPage.java","lineNumber":36},{"declaringClass":"abc.steps.serenity.AddStudentSteps","methodName":"fillStudent","fileName":"AddStudentSteps.java","lineNumber":17},{"declaringClass":"abc.features.search.AddStudent","methodName":"fill_in_a_valid_student","fileName":"AddStudent.java","lineNumber":28}]}}},"result":"FAILURE","precondition":false},{"number":2,"description":"Submit","duration":2,"startTime":"2019-05-19T16:09:41.159+03:00[Europe/Athens]","result":"SKIPPED","precondition":false},{"number":3,"description":"Should see definition: Submitted","duration":1,"startTime":"2019-05-19T16:09:41.162+03:00[Europe/Athens]","result":"SKIPPED","precondition":false}],"userStory":{"id":"abc.features.search.AddStudent","storyName":"Add student","storyClassName":"abc.features.search.AddStudent","path":"search","type":"story"},"featureTag":{"name":"Add student","type":"story"},"title":"Fill in a valid student","tags":[{"name":"Search","type":"feature"},{"name":"Search/Add student","type":"story"}],"startTime":"2019-05-19T16:09:34.001+03:00[Europe/Athens]","duration":7176,"testFailureCause":{"errorType":"net.thucydides.core.webdriver.exceptions.ElementShouldBeEnabledException","message":"The following error occurred: The following error occurred: Expected enabled element was not enabled\nBuild info: version: \u00273.7.1\u0027, revision: \u00278a0099a\u0027, time: \u00272017-11-06T21:01:39.354Z\u0027\nSystem info: host: \u0027DESKTOP-3DU7K2P\u0027, ip: \u0027192.168.17.1\u0027, os.name: \u0027Windows 10\u0027, os.arch: \u0027amd64\u0027, os.version: \u002710.0\u0027, java.version: \u00271.8.0_144\u0027\nDriver info: driver.version: unknown","stackTrace":[{"declaringClass":"abc.pages.StudentPage","methodName":"setIdStudent","fileName":"StudentPage.java","lineNumber":36},{"declaringClass":"abc.steps.serenity.AddStudentSteps","methodName":"fillStudent","fileName":"AddStudentSteps.java","lineNumber":17},{"declaringClass":"abc.features.search.AddStudent","methodName":"fill_in_a_valid_student","fileName":"AddStudent.java","lineNumber":28}]},"testFailureClassname":"net.thucydides.core.webdriver.exceptions.ElementShouldBeEnabledException","testFailureMessage":"The following error occurred: The following error occurred: Expected enabled element was not enabled\nBuild info: version: \u00273.7.1\u0027, revision: \u00278a0099a\u0027, time: \u00272017-11-06T21:01:39.354Z\u0027\nSystem info: host: \u0027DESKTOP-3DU7K2P\u0027, ip: \u0027192.168.17.1\u0027, os.name: \u0027Windows 10\u0027, os.arch: \u0027amd64\u0027, os.version: \u002710.0\u0027, java.version: \u00271.8.0_144\u0027\nDriver info: driver.version: unknown","testFailureSummary":"FAILURE;net.thucydides.core.webdriver.exceptions.ElementShouldBeEnabledException;The following error occurred: The following error occurred: Expected enabled element was not enabled\nBuild info: version: \u00273.7.1\u0027, revision: \u00278a0099a\u0027, time: \u00272017-11-06T21:01:39.354Z\u0027\nSystem info: host: \u0027DESKTOP-3DU7K2P\u0027, ip: \u0027192.168.17.1\u0027, os.name: \u0027Windows 10\u0027, os.arch: \u0027amd64\u0027, os.version: \u002710.0\u0027, java.version: \u00271.8.0_144\u0027\nDriver info: driver.version: unknown;StudentPage.java","projectKey":"","annotatedResult":"FAILURE","sessionId":"1c7595411871343d662afc79b5b95300","driver":"chrome","manual":false,"testSource":"JUnit","result":"FAILURE"}